#
# There is insufficient memory for the Java Runtime Environment to continue.
# Native memory allocation (mmap) failed to map 134217728 bytes. Error detail: G1 virtual space
# Possible reasons:
#   The system is out of physical RAM or swap space
#   This process is running with CompressedOops enabled, and the Java Heap may be blocking the growth of the native heap
# Possible solutions:
#   Reduce memory load on the system
#   Increase physical memory or swap space
#   Check if swap backing store is full
#   Decrease Java heap size (-Xmx/-Xms)
#   Decrease number of Java threads
#   Decrease Java thread stack sizes (-Xss)
#   Set larger code cache with -XX:ReservedCodeCacheSize=
#   JVM is running with Unscaled Compressed Oops mode in which the Java heap is
#     placed in the first 4GB address space. The Java Heap base address is the
#     maximum limit for the native heap growth. Please use -XX:HeapBaseMinAddress
#     to set the Java Heap base and to place the Java Heap above 4GB virtual address.
# This output file may be truncated or incomplete.
#
#  Out of Memory Error (os_windows.cpp:3631), pid=22696, tid=21968
#
# JRE version:  (22.0.1+8) (build )
# Java VM: Java HotSpot(TM) 64-Bit Server VM (22.0.1+8-16, mixed mode, sharing, tiered, compressed oops, compressed class ptrs, g1 gc, windows-amd64)
# No core dump will be written. Minidumps are not enabled by default on client versions of Windows
#

---------------  S U M M A R Y ------------

Command Line: --enable-preview -XX:+ShowCodeDetailsInExceptionMessages ASimulatorSystem.FastCash

Host: Intel(R) Core(TM) i5-7200U CPU @ 2.50GHz, 4 cores, 7G,  Windows 10 , 64 bit Build 19041 (10.0.19041.3636)
Time: Mon May 27 20:53:16 2024 Pakistan Standard Time elapsed time: 0.044360 seconds (0d 0h 0m 0s)

---------------  T H R E A D  ---------------

Current thread (0x000001f4dcb48dc0):  JavaThread "Unknown thread" [_thread_in_vm, id=21968, stack(0x0000005e99e00000,0x0000005e99f00000) (1024K)]

Stack: [0x0000005e99e00000,0x0000005e99f00000]
Native frames: (J=compiled Java code, j=interpreted, Vv=VM code, C=native code)
V  [jvm.dll+0x6e2279]  (no source info available)
V  [jvm.dll+0x874e33]  (no source info available)
V  [jvm.dll+0x87725e]  (no source info available)
V  [jvm.dll+0x877933]  (no source info available)
V  [jvm.dll+0x27fd76]  (no source info available)
V  [jvm.dll+0x6de915]  (no source info available)
V  [jvm.dll+0x6d341a]  (no source info available)
V  [jvm.dll+0x3589da]  (no source info available)
V  [jvm.dll+0x360f06]  (no source info available)
V  [jvm.dll+0x3b3e2e]  (no source info available)
V  [jvm.dll+0x3b40d8]  (no source info available)
V  [jvm.dll+0x32c59c]  (no source info available)
V  [jvm.dll+0x32d158]  (no source info available)
V  [jvm.dll+0x83ccdc]  (no source info available)
V  [jvm.dll+0x3c0d71]  (no source info available)
V  [jvm.dll+0x825ccc]  (no source info available)
V  [jvm.dll+0x45b8fe]  (no source info available)
V  [jvm.dll+0x45d781]  (no source info available)
C  [jli.dll+0x52a3]  (no source info available)
C  [ucrtbase.dll+0x21bb2]  (no source info available)
C  [KERNEL32.DLL+0x17344]  (no source info available)
C  [ntdll.dll+0x526b1]  (no source info available)


---------------  P R O C E S S  ---------------

Threads class SMR info:
_java_thread_list=0x00007ff87649b1c8, length=0, elements={
}

Java Threads: ( => current thread )
Total: 0

Other Threads:
  0x000001f4dee013d0 WorkerThread "GC Thread#0"                     [id=3580, stack(0x0000005e99f00000,0x0000005e9a000000) (1024K)]
  0x000001f4dee14330 ConcurrentGCThread "G1 Main Marker"            [id=21136, stack(0x0000005e9a000000,0x0000005e9a100000) (1024K)]
  0x000001f4dee14f00 WorkerThread "G1 Conc#0"                       [id=20796, stack(0x0000005e9a100000,0x0000005e9a200000) (1024K)]

[error occurred during error reporting (printing all threads), id 0xc0000005, EXCEPTION_ACCESS_VIOLATION (0xc0000005) at pc=0x00007ff875bef367]
VM state: not at safepoint (not fully initialized)

VM Mutex/Monitor currently owned by a thread:  ([mutex/lock_event])
[0x00007ff87651bcb8] Heap_lock - owner thread: 0x000001f4dcb48dc0

Heap address: 0x0000000081e00000, size: 2018 MB, Compressed Oops mode: 32-bit

CDS archive(s) mapped at: [0x0000000000000000-0x0000000000000000-0x0000000000000000), size 0, SharedBaseAddress: 0x0000000800000000, ArchiveRelocationMode: 1.
Narrow klass base: 0x0000000000000000, Narrow klass shift: 0, Narrow klass range: 0x0

GC Precious Log:
 CardTable entry size: 512
 Card Set container configuration: InlinePtr #cards 5 size 8 Array Of Cards #cards 12 size 40 Howl #buckets 4 coarsen threshold 1843 Howl Bitmap #cards 512 size 80 coarsen threshold 460 Card regions per heap region 1 cards per card region 2048

Heap:
 garbage-first heap   total reserved 2066432K, committed 0K, used 0K [0x0000000081e00000, 0x0000000100000000)
  region size 1024K, 0 young (0K), 0 survivors (0K)

[error occurred during error reporting (printing heap information), id 0xc0000005, EXCEPTION_ACCESS_VIOLATION (0xc0000005) at pc=0x00007ff875fee429]
GC Heap History (0 events):
No events

Dll operation events (1 events):
Event: 0.026 Loaded shared library C:\Program Files\Java\jdk-22\bin\java.dll

Deoptimization events (0 events):
No events

Classes loaded (0 events):
No events

Classes unloaded (0 events):
No events

Classes redefined (0 events):
No events

Internal exceptions (0 events):
No events

ZGC Phase Switch (0 events):
No events

VM Operations (0 events):
No events

Events (0 events):
No events


Dynamic libraries:
0x00007ff674850000 - 0x00007ff674860000 	C:\Program Files\Java\jdk-22\bin\java.exe
0x00007ff8e6ff0000 - 0x00007ff8e71e8000 	C:\WINDOWS\SYSTEM32\ntdll.dll
0x00007ff8e5580000 - 0x00007ff8e563d000 	C:\WINDOWS\System32\KERNEL32.DLL
0x00007ff8e4d20000 - 0x00007ff8e5016000 	C:\WINDOWS\System32\KERNELBASE.dll
0x00007ff8e4780000 - 0x00007ff8e4880000 	C:\WINDOWS\System32\ucrtbase.dll
0x00007ff8c02b0000 - 0x00007ff8c02c7000 	C:\Program Files\Java\jdk-22\bin\jli.dll
0x00007ff8e5160000 - 0x00007ff8e5210000 	C:\WINDOWS\System32\ADVAPI32.dll
0x00007ff8e58f0000 - 0x00007ff8e598e000 	C:\WINDOWS\System32\msvcrt.dll
0x00007ff8e5290000 - 0x00007ff8e5330000 	C:\WINDOWS\System32\sechost.dll
0x00007ff8e6260000 - 0x00007ff8e6383000 	C:\WINDOWS\System32\RPCRT4.dll
0x00007ff8e4880000 - 0x00007ff8e48a7000 	C:\WINDOWS\System32\bcrypt.dll
0x00007ff8e6680000 - 0x00007ff8e681f000 	C:\WINDOWS\System32\USER32.dll
0x00007ff8e4750000 - 0x00007ff8e4772000 	C:\WINDOWS\System32\win32u.dll
0x00007ff8e6230000 - 0x00007ff8e625b000 	C:\WINDOWS\System32\GDI32.dll
0x00007ff8e4af0000 - 0x00007ff8e4c07000 	C:\WINDOWS\System32\gdi32full.dll
0x00007ff8e4c10000 - 0x00007ff8e4cad000 	C:\WINDOWS\System32\msvcp_win.dll
0x00007ff8c19f0000 - 0x00007ff8c1a0b000 	C:\Program Files\Java\jdk-22\bin\VCRUNTIME140.dll
0x00007ff8cf070000 - 0x00007ff8cf30a000 	C:\WINDOWS\WinSxS\amd64_microsoft.windows.common-controls_6595b64144ccf1df_6.0.19041.4355_none_60b8b9eb71f62e16\COMCTL32.dll
0x00007ff8d8d20000 - 0x00007ff8d8d2a000 	C:\WINDOWS\SYSTEM32\VERSION.dll
0x00007ff8e58a0000 - 0x00007ff8e58d2000 	C:\WINDOWS\System32\IMM32.DLL
0x00007ff8d7200000 - 0x00007ff8d720c000 	C:\Program Files\Java\jdk-22\bin\vcruntime140_1.dll
0x00007ff8b45b0000 - 0x00007ff8b463e000 	C:\Program Files\Java\jdk-22\bin\msvcp140.dll
0x00007ff8758b0000 - 0x00007ff8765f7000 	C:\Program Files\Java\jdk-22\bin\server\jvm.dll
0x00007ff8e5e00000 - 0x00007ff8e5e6b000 	C:\WINDOWS\System32\WS2_32.dll
0x00007ff8e44f0000 - 0x00007ff8e453b000 	C:\WINDOWS\SYSTEM32\POWRPROF.dll
0x00007ff8b6850000 - 0x00007ff8b6877000 	C:\WINDOWS\SYSTEM32\WINMM.dll
0x00007ff8e44d0000 - 0x00007ff8e44e2000 	C:\WINDOWS\SYSTEM32\UMPDC.dll
0x00007ff8e2eb0000 - 0x00007ff8e2ec2000 	C:\WINDOWS\SYSTEM32\kernel.appcore.dll
0x00007ff8d08f0000 - 0x00007ff8d08fa000 	C:\Program Files\Java\jdk-22\bin\jimage.dll
0x00007ff8dfb70000 - 0x00007ff8dfd54000 	C:\WINDOWS\SYSTEM32\DBGHELP.DLL
0x00007ff8b7800000 - 0x00007ff8b7834000 	C:\WINDOWS\SYSTEM32\dbgcore.DLL
0x00007ff8e48b0000 - 0x00007ff8e4932000 	C:\WINDOWS\System32\bcryptPrimitives.dll
0x00007ff8c0290000 - 0x00007ff8c02ae000 	C:\Program Files\Java\jdk-22\bin\java.dll
0x00007ff8e6820000 - 0x00007ff8e6f8b000 	C:\WINDOWS\System32\SHELL32.dll
0x00007ff8e5450000 - 0x00007ff8e557b000 	C:\WINDOWS\System32\ole32.dll
0x00007ff8e5e70000 - 0x00007ff8e61c3000 	C:\WINDOWS\System32\combase.dll

dbghelp: loaded successfully - version: 4.0.5 - missing functions: none
symbol engine: initialized successfully - sym options: 0x614 - pdb path: .;C:\Program Files\Java\jdk-22\bin;C:\WINDOWS\SYSTEM32;C:\WINDOWS\WinSxS\amd64_microsoft.windows.common-controls_6595b64144ccf1df_6.0.19041.4355_none_60b8b9eb71f62e16;C:\Program Files\Java\jdk-22\bin\server

VM Arguments:
jvm_args: --enable-preview -XX:+ShowCodeDetailsInExceptionMessages 
java_command: ASimulatorSystem.FastCash
java_class_path (initial): C:\Users\CZ 3\AppData\Roaming\Code\User\workspaceStorage\1c9a58327f50eb4c0b741f7879dea049\redhat.java\jdt_ws\ATM-Simulator-System_93addd95\bin;c:\Users\CZ 3\Downloads\ATM-Simulator-System\jcalendar-tz-1.3.3-4.jar;c:\Users\CZ 3\Downloads\ATM-Simulator-System\mysql-connector-java-8.0.28.jar
Launcher Type: SUN_STANDARD

[Global flags]
     intx CICompilerCount                          = 3                                         {product} {ergonomic}
     uint ConcGCThreads                            = 1                                         {product} {ergonomic}
     uint G1ConcRefinementThreads                  = 4                                         {product} {ergonomic}
   size_t G1HeapRegionSize                         = 1048576                                   {product} {ergonomic}
   size_t InitialHeapSize                          = 134217728                                 {product} {ergonomic}
   size_t MarkStackSize                            = 4194304                                   {product} {ergonomic}
   size_t MaxHeapSize                              = 2116026368                                {product} {ergonomic}
   size_t MinHeapDeltaBytes                        = 1048576                                   {product} {ergonomic}
   size_t MinHeapSize                              = 8388608                                   {product} {ergonomic}
    uintx NonNMethodCodeHeapSize                   = 5832780                                {pd product} {ergonomic}
    uintx NonProfiledCodeHeapSize                  = 122912730                              {pd product} {ergonomic}
    uintx ProfiledCodeHeapSize                     = 122912730                              {pd product} {ergonomic}
    uintx ReservedCodeCacheSize                    = 251658240                              {pd product} {ergonomic}
     bool SegmentedCodeCache                       = true                                      {product} {ergonomic}
     bool ShowCodeDetailsInExceptionMessages       = true                                   {manageable} {command line}
   size_t SoftMaxHeapSize                          = 2116026368                             {manageable} {ergonomic}
     bool UseCompressedOops                        = true                           {product lp64_product} {ergonomic}
     bool UseG1GC                                  = true                                      {product} {ergonomic}
     bool UseLargePagesIndividualAllocation        = false                                  {pd product} {ergonomic}

Logging:
Log output configuration:
 #0: stdout all=warning uptime,level,tags foldmultilines=false
 #1: stderr all=off uptime,level,tags foldmultilines=false

Environment Variables:
PATH=C:\Program Files\Common Files\Oracle\Java\javapath;C:\Program Files (x86)\VMware\VMware Workstation\bin\;C:\Program Files\Python311\Scripts\;C:\Program Files\Python311\;C:\oracle_db\bin;C:\Program Files (x86)\Common Files\Oracle\Java\javapath;C:\WINDOWS\system32;C:\WINDOWS;C:\WINDOWS\System32\Wbem;C:\WINDOWS\System32\WindowsPowerShell\v1.0\;C:\WINDOWS\System32\OpenSSH\;C:\Program Files (x86)\Microsoft SQL Server\160\Tools\Binn\;C:\Program Files\Microsoft SQL Server\160\Tools\Binn\;C:\Program Files\Microsoft SQL Server\Client SDK\ODBC\170\Tools\Binn\;C:\Program Files\Microsoft SQL Server\160\DTS\Binn\;C:\Program Files (x86)\Microsoft SQL Server\160\DTS\Binn\;C:\Program Files\dotnet\;C:\Program Files\Microsoft SQL Server\150\Tools\Binn\;C:\Program Files\Java\jdk-22\bin;C:\Program Files\MySQL\MySQL Shell 8.0\bin\;C:\Users\CZ 3\AppData\Local\Microsoft\WindowsApps;;F:\PyCharm Community Edition 2023.3.2\bin;;C:\Program Files\Azure Data Studio\bin;C:\Users\CZ 3\AppData\Local\Programs\Microsoft VS Code\bin;C:\Users\CZ 3\.dotnet\tools
USERNAME=CZ 3
LANG=en_US.UTF-8
OS=Windows_NT
PROCESSOR_IDENTIFIER=Intel64 Family 6 Model 142 Stepping 9, GenuineIntel
TMP=C:\Users\CZ3~1\AppData\Local\Temp
TEMP=C:\Users\CZ3~1\AppData\Local\Temp




Periodic native trim disabled

---------------  S Y S T E M  ---------------

OS:
 Windows 10 , 64 bit Build 19041 (10.0.19041.3636)
OS uptime: 3 days 0:07 hours

CPU: total 4 (initial active 4) (2 cores per cpu, 2 threads per core) family 6 model 142 stepping 9 microcode 0xb4, cx8, cmov, fxsr, ht, mmx, 3dnowpref, sse, sse2, sse3, ssse3, sse4.1, sse4.2, popcnt, lzcnt, tsc, tscinvbit, avx, avx2, aes, erms, clmul, bmi1, bmi2, adx, fma, vzeroupper, clflush, clflushopt, rdtscp, f16c
Processor Information for processor 0
  Max Mhz: 2712, Current Mhz: 1406, Mhz Limit: 2495
Processor Information for processor 1
  Max Mhz: 2712, Current Mhz: 2511, Mhz Limit: 2495
Processor Information for processor 2
  Max Mhz: 2712, Current Mhz: 1406, Mhz Limit: 2495
Processor Information for processor 3
  Max Mhz: 2712, Current Mhz: 1406, Mhz Limit: 2495

Memory: 4k page, system-wide physical 8071M (1396M free)
TotalPageFile size 18392M (AvailPageFile size 89M)
current process WorkingSet (physical memory assigned to process): 11M, peak: 11M
current process commit charge ("private bytes"): 52M, peak: 180M

vm_info: Java HotSpot(TM) 64-Bit Server VM (22.0.1+8-16) for windows-amd64 JRE (22.0.1+8-16), built on 2024-03-12T10:33:16Z by "mach5one" with MS VC++ 17.6 (VS2022)

END.
